<?xml version="1.0" encoding="UTF-8"?>
<testng-results ignored="0" total="1" passed="1" failed="0" skipped="0">
  <reporter-output>
  </reporter-output>
  <suite started-at="2022-09-30T21:42:42 IST" name="Default suite" finished-at="2022-09-30T21:43:34 IST" duration-ms="52463">
    <groups>
    </groups>
    <test started-at="2022-09-30T21:42:42 IST" name="Default test" finished-at="2022-09-30T21:43:34 IST" duration-ms="52463">
      <class name="org.flipkart.ProductAdd.InsertProductInCart">
        <test-method is-config="true" signature="suiteSetup()[pri:0, instance:org.flipkart.ProductAdd.InsertProductInCart@196a42c3]" started-at="2022-09-30T21:42:42 IST" name="suiteSetup" finished-at="2022-09-30T21:42:42 IST" duration-ms="11" status="PASS">
          <reporter-output>
          </reporter-output>
        </test-method> <!-- suiteSetup -->
        <test-method is-config="true" signature="classSetup()[pri:0, instance:org.flipkart.ProductAdd.InsertProductInCart@196a42c3]" started-at="2022-09-30T21:42:42 IST" name="classSetup" finished-at="2022-09-30T21:43:26 IST" duration-ms="44015" status="PASS">
          <reporter-output>
          </reporter-output>
        </test-method> <!-- classSetup -->
        <test-method is-config="true" signature="methodSetup()[pri:0, instance:org.flipkart.ProductAdd.InsertProductInCart@196a42c3]" started-at="2022-09-30T21:43:26 IST" name="methodSetup" finished-at="2022-09-30T21:43:26 IST" duration-ms="1" status="PASS">
          <reporter-output>
          </reporter-output>
        </test-method> <!-- methodSetup -->
        <test-method signature="AddProductToCart()[pri:0, instance:org.flipkart.ProductAdd.InsertProductInCart@196a42c3]" started-at="2022-09-30T21:43:26 IST" name="AddProductToCart" finished-at="2022-09-30T21:43:34 IST" duration-ms="7638" status="PASS">
          <reporter-output>
          </reporter-output>
        </test-method> <!-- AddProductToCart -->
        <test-method is-config="true" signature="methodTearDown()[pri:0, instance:org.flipkart.ProductAdd.InsertProductInCart@196a42c3]" started-at="2022-09-30T21:43:34 IST" name="methodTearDown" finished-at="2022-09-30T21:43:34 IST" duration-ms="464" status="PASS">
          <reporter-output>
          </reporter-output>
        </test-method> <!-- methodTearDown -->
        <test-method is-config="true" signature="classTearDown()[pri:0, instance:org.flipkart.ProductAdd.InsertProductInCart@196a42c3]" started-at="2022-09-30T21:43:34 IST" name="classTearDown" finished-at="2022-09-30T21:43:34 IST" duration-ms="3" status="PASS">
          <reporter-output>
          </reporter-output>
        </test-method> <!-- classTearDown -->
        <test-method is-config="true" signature="suiteTearDown()[pri:0, instance:org.flipkart.ProductAdd.InsertProductInCart@196a42c3]" started-at="2022-09-30T21:43:35 IST" name="suiteTearDown" finished-at="2022-09-30T21:43:35 IST" duration-ms="1" status="PASS">
          <reporter-output>
          </reporter-output>
        </test-method> <!-- suiteTearDown -->
      </class> <!-- org.flipkart.ProductAdd.InsertProductInCart -->
    </test> <!-- Default test -->
  </suite> <!-- Default suite -->
</testng-results>
